I, [2010-09-05T20:07:00.367041 #12718]  INFO -- : Entered loop at Sun Sep 05 20:07:00 -1000 2010
I, [2010-09-05T20:07:02.449166 #12718]  INFO -- : Received PM from madebydna: work verb
I, [2010-09-05T20:07:02.791501 #12718]  INFO -- : Answer was get at, science lab, wait, coaching, colour, loose end, roll, specialise, potter, blackleg
D, [2010-09-05T20:07:03.866897 #12718] DEBUG -- : Bot sleeping for 120s
I, [2010-09-05T20:09:03.862715 #12718]  INFO -- : Entered loop at Sun Sep 05 20:09:03 -1000 2010
I, [2010-09-05T20:09:06.772012 #12718]  INFO -- : Received PM from madebydna: ancient
I, [2010-09-05T20:09:07.184564 #12718]  INFO -- : Answer was old, past, old, versed, magisterial, obsolete, old-fashioned, antiquated, former, venerable
D, [2010-09-05T20:09:08.299230 #12718] DEBUG -- : Bot sleeping for 120s
I, [2010-09-05T20:11:08.295139 #12718]  INFO -- : Entered loop at Sun Sep 05 20:11:08 -1000 2010
D, [2010-09-05T20:11:10.866385 #12718] DEBUG -- : Bot sleeping for 130s
I, [2010-09-05T20:13:20.861960 #12718]  INFO -- : Entered loop at Sun Sep 05 20:13:20 -1000 2010
D, [2010-09-05T20:13:23.484308 #12718] DEBUG -- : Bot sleeping for 140s
I, [2010-09-05T20:15:43.479667 #12718]  INFO -- : Entered loop at Sun Sep 05 20:15:43 -1000 2010
D, [2010-09-05T20:15:47.979418 #12718] DEBUG -- : Bot sleeping for 150s
I, [2010-09-05T20:18:17.974173 #12718]  INFO -- : Entered loop at Sun Sep 05 20:18:17 -1000 2010
D, [2010-09-05T20:18:20.084024 #12718] DEBUG -- : Bot sleeping for 160s
I, [2010-09-05T20:21:00.078518 #12718]  INFO -- : Entered loop at Sun Sep 05 20:21:00 -1000 2010
D, [2010-09-05T20:21:01.936020 #12718] DEBUG -- : Bot sleeping for 170s
I, [2010-09-05T20:23:51.930154 #12718]  INFO -- : Entered loop at Sun Sep 05 20:23:51 -1000 2010
D, [2010-09-05T20:23:53.772915 #12718] DEBUG -- : Bot sleeping for 180s
I, [2010-09-05T20:26:56.115645 #12718]  INFO -- : Entered loop at Sun Sep 05 20:26:56 -1000 2010
D, [2010-09-05T20:26:58.770125 #12718] DEBUG -- : Bot sleeping for 190s
I, [2010-09-05T20:30:09.192934 #12718]  INFO -- : Entered loop at Sun Sep 05 20:30:09 -1000 2010
D, [2010-09-05T20:30:11.151564 #12718] DEBUG -- : Bot sleeping for 200s
I, [2010-09-05T20:33:31.144470 #12718]  INFO -- : Entered loop at Sun Sep 05 20:33:31 -1000 2010
D, [2010-09-05T20:33:33.841641 #12718] DEBUG -- : Bot sleeping for 210s
I, [2010-09-05T20:37:03.832555 #12718]  INFO -- : Entered loop at Sun Sep 05 20:37:03 -1000 2010
D, [2010-09-05T20:37:05.542525 #12718] DEBUG -- : Bot sleeping for 220s
I, [2010-09-06T07:46:05.966466 #12718]  INFO -- : Entered loop at Mon Sep 06 07:46:05 -1000 2010
D, [2010-09-06T07:46:09.152655 #12718] DEBUG -- : Bot sleeping for 230s
I, [2010-09-06T07:49:59.142173 #12718]  INFO -- : Entered loop at Mon Sep 06 07:49:59 -1000 2010
D, [2010-09-06T07:50:01.171147 #12718] DEBUG -- : Bot sleeping for 240s
I, [2010-09-06T08:02:59.914091 #12718]  INFO -- : Entered loop at Mon Sep 06 08:02:59 -1000 2010
D, [2010-09-06T08:03:01.551691 #12718] DEBUG -- : Bot sleeping for 250s
I, [2010-09-06T08:07:11.541288 #12718]  INFO -- : Entered loop at Mon Sep 06 08:07:11 -1000 2010
D, [2010-09-06T08:07:13.877399 #12718] DEBUG -- : Bot sleeping for 260s
I, [2010-09-06T08:11:33.581043 #12718]  INFO -- : Entered loop at Mon Sep 06 08:11:33 -1000 2010
D, [2010-09-06T08:11:35.242219 #12718] DEBUG -- : Bot sleeping for 270s
I, [2010-09-06T08:16:05.232839 #12718]  INFO -- : Entered loop at Mon Sep 06 08:16:05 -1000 2010
D, [2010-09-06T08:16:06.901644 #12718] DEBUG -- : Bot sleeping for 280s
I, [2010-09-06T08:20:46.891710 #12718]  INFO -- : Entered loop at Mon Sep 06 08:20:46 -1000 2010
D, [2010-09-06T08:20:48.583098 #12718] DEBUG -- : Bot sleeping for 290s
I, [2010-09-06T08:25:38.572657 #12718]  INFO -- : Entered loop at Mon Sep 06 08:25:38 -1000 2010
D, [2010-09-06T08:25:40.230474 #12718] DEBUG -- : Bot sleeping for 300s
I, [2010-09-06T08:30:40.219640 #12718]  INFO -- : Entered loop at Mon Sep 06 08:30:40 -1000 2010
D, [2010-09-06T08:30:42.059643 #12718] DEBUG -- : Bot sleeping for 300s
I, [2010-09-06T08:35:42.048906 #12718]  INFO -- : Entered loop at MoI, [2010-09-06T09:21:17.545080 #14665]  INFO -- : Entered loop at Mon Sep 06 09:21:17 -1000 2010
D, [2010-09-06T09:21:19.202962 #14665] DEBUG -- : Bot sleeping for 130s
I, [2010-09-06T09:23:29.198423 #14665]  INFO -- : Entered loop at Mon Sep 06 09:23:29 -1000 2010
I, [2010-09-06T09:23:30.885106 #14665]  INFO -- : Received PM from madebydna: arroyo
I, [2010-09-06T09:40:54.370844 #14864]  INFO -- : Entered loop at Mon Sep 06 09:40:54 -1000 2010
D, [2010-09-06T09:40:56.336529 #14864] DEBUG -- : Bot sleeping for 130s
I, [2010-09-06T09:43:06.331969 #14864]  INFO -- : Entered loop at Mon Sep 06 09:43:06 -1000 2010
I, [2010-09-06T09:43:08.089832 #14864]  INFO -- : Received PM from madebydna: arroyo
I, [2010-09-06T09:44:59.516896 #14916]  INFO -- : Entered loop at Mon Sep 06 09:44:59 -1000 2010
D, [2010-09-06T09:45:01.232967 #14916] DEBUG -- : Bot sleeping for 130s
I, [2010-09-06T09:47:11.228423 #14916]  INFO -- : Entered loop at Mon Sep 06 09:47:11 -1000 2010
n Sep 06 08:35:42 -1000 2010
D, [2010-09-06T08:35:43.702911 #12718] DEBUG -- : Bot sleeping for 300s
I, [2010-09-06T08:40:43.692184 #12718]  INFO -- : Entered loop at Mon Sep 06 08:40:43 -1000 2010
D, [2010-09-06T08:40:45.331742 #12718] DEBUG -- : Bot sleeping for 300s
I, [2010-09-06T08:45:45.321022 #12718]  INFO -- : Entered loop at Mon Sep 06 08:45:45 -1000 2010
D, [2010-09-06T08:45:47.106697 #12718] DEBUG -- : Bot sleeping for 300s
I, [2010-09-06T08:50:47.096017 #12718]  INFO -- : Entered loop at Mon Sep 06 08:50:47 -1000 2010
D, [2010-09-06T08:50:48.666555 #12718] DEBUG -- : Bot sleeping for 300s
I, [2010-09-06T08:55:48.655884 #12718]  INFO -- : Entered loop at Mon Sep 06 08:55:48 -1000 2010
D, [2010-09-06T08:55:50.351784 #12718] DEBUG -- : Bot sleeping for 300s
I, [2010-09-06T09:00:50.341305 #12718]  INFO -- : Entered loop at Mon Sep 06 09:00:50 -1000 2010
D, [2010-09-06T09:00:52.064782 #12718] DEBUG -- : Bot sleeping for 300s
I, [2010-09-06T09:05:52.054118 #12718]  INFO -- : Entered loop at Mon Sep 06 09:05:52 -1000 2010
D, [2010-09-06T09:05:53.676678 #12718] DEBUG -- : Bot sleeping for 300s
I, [2010-09-06T09:10:53.665833 #12718]  INFO -- : Entered loop at Mon Sep 06 09:10:53 -1000 2010
D, [2010-09-06T09:10:55.353292 #12718] DEBUG -- : Bot sleeping for 300s
I, [2010-09-06T09:15:55.342354 #12718]  INFO -- : Entered loop at Mon Sep 06 09:15:55 -1000 2010
D, [2010-09-06T09:15:56.966105 #12718] DEBUG -- : Bot sleeping for 300s
I, [2010-09-06T09:20:56.955283 #12718]  INFO -- : Entered loop at Mon Sep 06 09:20:56 -1000 2010
D, [2010-09-06T09:20:58.598618 #12718] DEBUG -- : Bot sleeping for 300s
I, [2010-09-06T09:25:58.587750 #12718]  INFO -- : Entered loop at Mon Sep 06 09:25:58 -1000 2010
I, [2010-09-06T09:26:00.288210 #12718]  INFO -- : Received PM from madebydna: arroyo
I, [2010-09-06T09:26:00.591452 #12718]  INFO -- : Answer was rivulet, footpath, acclivity, wadi, senador, watercourse, river-bed, gulch, swale
D, [2010-09-06T09:26:01.566572 #12718] DEBUG -- : Bot sleeping for 120s
I, [2010-09-06T09:28:01.562268 #12718]  INFO -- : Entered loop at Mon Sep 06 09:28:01 -1000 2010
D, [2010-09-06T09:28:03.200258 #12718] DEBUG -- : Bot sleeping for 130s
I, [2010-09-06T09:30:13.195703 #12718]  INFO -- : Entered loop at Mon Sep 06 09:30:13 -1000 2010
D, [2010-09-06T09:30:14.838057 #12718] DEBUG -- : Bot sleeping for 140s
I, [2010-09-06T09:32:34.833130 #12718]  INFO -- : Entered loop at Mon Sep 06 09:32:34 -1000 2010
D, [2010-09-06T09:32:36.490218 #12718] DEBUG -- : Bot sleeping for 150s
I, [2010-09-06T09:35:06.485001 #12718]  INFO -- : Entered loop at Mon Sep 06 09:35:06 -1000 2010
D, [2010-09-06T09:35:08.291008 #12718] DEBUG -- : Bot sleeping for 160s
I, [2010-09-06T09:37:48.285268 #12718]  INFO -- : Entered loop at Mon Sep 06 09:37:48 -1000 2010
D, [2010-09-06T09:37:50.010335 #12718] DEBUG -- : Bot sleeping for 170s
I, [2010-09-06T09:40:40.004267 #12718]  INFO -- : Entered loop at Mon Sep 06 09:40:40 -1000 2010
D, [2010-09-06T09:40:41.617308 #12718] DEBUG -- : Bot sleeping for 180s
I, [2010-09-06T09:43:41.611283 #12718]  INFO -- : Entered loop at Mon Sep 06 09:43:41 -1000 2010
I, [2010-09-06T09:43:43.369155 #12718]  INFO -- : Received PM from madebydna: arroyo
I, [2010-09-06T09:43:43.658411 #12718]  INFO -- : Answer was rivulet, footpath, acclivity, wadi, senador, watercourse, river-bed, gulch, swale
D, [2010-09-06T09:43:44.484446 #12718] DEBUG -- : Bot sleeping for 120s
I, [2010-09-06T09:45:44.480164 #12718]  INFO -- : Entered loop at Mon Sep 06 09:45:44 -1000 2010
I, [2010-09-06T09:45:46.192187 #12718]  INFO -- : Received PM from madebydna: river
I, [2010-09-06T09:45:46.493467 #12718]  INFO -- : Answer was Pee Dee River, Jordan River, st. johns river, Tennessee River, Tagus, Pearl River, Potomac River, Osage River, yalu river, detroit river
D, [2010-09-06T09:45:47.308852 #12718] DEBUG -- : Bot sleeping for 120s
I, [2010-09-06T09:47:47.304582 #12718]  INFO -- : Entered loop at Mon Sep 06 09:47:47 -1000 2010
I, [2010-09-06T10:17:05.175715 #16274]  INFO -- : Entered loop at Mon Sep 06 10:17:05 -1000 2010
I, [2010-09-06T10:17:06.940350 #16274]  INFO -- : Received PM from madebydna: unctuous
I, [2010-09-06T10:23:28.613204 #16927]  INFO -- : Entered loop at Mon Sep 06 10:23:28 -1000 2010
I, [2010-09-06T10:23:30.869453 #16927]  INFO -- : Received PM from madebydna: unctuous
I, [2010-09-06T10:23:31.172349 #16927]  INFO -- : Answer was insincere, oily, creepy, smooth, effusive, slimy, suave, sycophantic, oleaginous, greasy
D, [2010-09-06T10:23:31.990971 #16927] DEBUG -- : Bot sleeping for 120s
I, [2010-09-06T10:25:31.986683 #16927]  INFO -- : Entered loop at Mon Sep 06 10:25:31 -1000 2010
I, [2010-09-06T10:25:33.717094 #16927]  INFO -- : Received PM from madebydna: meek
I, [2010-09-06T10:25:34.018693 #16927]  INFO -- : Answer was submissive, humble, meeken, docile, submissive, unassuming, yielding, gentle, humble, mild
D, [2010-09-06T10:25:34.911623 #16927] DEBUG -- : Bot sleeping for 120s
I, [2010-09-06T10:27:34.907455 #16927]  INFO -- : Entered loop at Mon Sep 06 10:27:34 -1000 2010
I, [2010-09-06T10:27:36.671327 #16927]  INFO -- : Received PM from madebydna: hjp
I, [2010-09-06T10:27:36.972140 #16927]  INFO -- : Answer was No synonyms found for hjp
D, [2010-09-06T10:27:38.221020 #16927] DEBUG -- : Bot sleeping for 120s
I, [2010-09-06T10:29:38.216881 #16927]  INFO -- : Entered loop at Mon Sep 06 10:29:38 -1000 2010
I, [2010-09-06T10:29:40.009886 #16927]  INFO -- : Received PM from madebydna: love noun
I, [2010-09-06T10:29:40.313185 #16927]  INFO -- : Answer was agape, heartstrings, have, crush, calf love, care for, ardour, filial love, romance, devotedness
D, [2010-09-06T10:29:41.098863 #16927] DEBUG -- : Bot sleeping for 120s
